<?xml version="1.0" encoding="UTF-8"?>
<testsuite xmlns:xsi="http://www.w3.org/2001/XMLSchema-instance" xsi:noNamespaceSchemaLocation="https://maven.apache.org/surefire/maven-surefire-plugin/xsd/surefire-test-report.xsd" name="tut4.CalcTest" time="0.016" tests="2" errors="0" skipped="0" failures="1">
  <properties>
    <property name="java.specification.version" value="17"/>
    <property name="sun.cpu.isalist" value="amd64"/>
    <property name="sun.jnu.encoding" value="GBK"/>
    <property name="java.class.path" value="C:\Users\86176\OneDrive\桌面\tut4\tut4test\target\test-classes;C:\Users\86176\OneDrive\桌面\tut4\tut4test\target\classes;C:\Users\86176\.m2\repository\org\junit\jupiter\junit-jupiter-engine\5.4.0\junit-jupiter-engine-5.4.0.jar;C:\Users\86176\.m2\repository\org\apiguardian\apiguardian-api\1.0.0\apiguardian-api-1.0.0.jar;C:\Users\86176\.m2\repository\org\junit\platform\junit-platform-engine\1.4.0\junit-platform-engine-1.4.0.jar;C:\Users\86176\.m2\repository\org\opentest4j\opentest4j\1.1.1\opentest4j-1.1.1.jar;C:\Users\86176\.m2\repository\org\junit\platform\junit-platform-commons\1.4.0\junit-platform-commons-1.4.0.jar;C:\Users\86176\.m2\repository\org\junit\jupiter\junit-jupiter-api\5.4.0\junit-jupiter-api-5.4.0.jar;"/>
    <property name="java.vm.vendor" value="Oracle Corporation"/>
    <property name="sun.arch.data.model" value="64"/>
    <property name="user.variant" value=""/>
    <property name="java.vendor.url" value="https://java.oracle.com/"/>
    <property name="user.timezone" value="Asia/Shanghai"/>
    <property name="os.name" value="Windows 10"/>
    <property name="java.vm.specification.version" value="17"/>
    <property name="sun.java.launcher" value="SUN_STANDARD"/>
    <property name="user.country" value="CN"/>
    <property name="sun.boot.library.path" value="C:\Program Files (x86)\jdk\bin"/>
    <property name="sun.java.command" value="C:\Users\86176\AppData\Local\Temp\surefire9569237017316739036\surefirebooter10820355177142793430.jar C:\Users\86176\AppData\Local\Temp\surefire9569237017316739036 2022-09-24T21-21-20_980-jvmRun1 surefire2417556579583126868tmp surefire_05258505803079217812tmp"/>
    <property name="jdk.debug" value="release"/>
    <property name="surefire.test.class.path" value="C:\Users\86176\OneDrive\桌面\tut4\tut4test\target\test-classes;C:\Users\86176\OneDrive\桌面\tut4\tut4test\target\classes;C:\Users\86176\.m2\repository\org\junit\jupiter\junit-jupiter-engine\5.4.0\junit-jupiter-engine-5.4.0.jar;C:\Users\86176\.m2\repository\org\apiguardian\apiguardian-api\1.0.0\apiguardian-api-1.0.0.jar;C:\Users\86176\.m2\repository\org\junit\platform\junit-platform-engine\1.4.0\junit-platform-engine-1.4.0.jar;C:\Users\86176\.m2\repository\org\opentest4j\opentest4j\1.1.1\opentest4j-1.1.1.jar;C:\Users\86176\.m2\repository\org\junit\platform\junit-platform-commons\1.4.0\junit-platform-commons-1.4.0.jar;C:\Users\86176\.m2\repository\org\junit\jupiter\junit-jupiter-api\5.4.0\junit-jupiter-api-5.4.0.jar;"/>
    <property name="sun.cpu.endian" value="little"/>
    <property name="user.home" value="C:\Users\86176"/>
    <property name="user.language" value="zh"/>
    <property name="java.specification.vendor" value="Oracle Corporation"/>
    <property name="java.version.date" value="2021-10-19"/>
    <property name="java.home" value="C:\Program Files (x86)\jdk"/>
    <property name="file.separator" value="\"/>
    <property name="basedir" value="C:\Users\86176\OneDrive\桌面\tut4\tut4test"/>
    <property name="java.vm.compressedOopsMode" value="Zero based"/>
    <property name="line.separator" value="&#10;"/>
    <property name="java.vm.specification.vendor" value="Oracle Corporation"/>
    <property name="java.specification.name" value="Java Platform API Specification"/>
    <property name="surefire.real.class.path" value="C:\Users\86176\AppData\Local\Temp\surefire9569237017316739036\surefirebooter10820355177142793430.jar"/>
    <property name="user.script" value=""/>
    <property name="sun.management.compiler" value="HotSpot 64-Bit Tiered Compilers"/>
    <property name="java.runtime.version" value="17.0.1+12-LTS-39"/>
    <property name="user.name" value="postlude"/>
    <property name="path.separator" value=";"/>
    <property name="os.version" value="10.0"/>
    <property name="java.runtime.name" value="Java(TM) SE Runtime Environment"/>
    <property name="file.encoding" value="GBK"/>
    <property name="java.vm.name" value="Java HotSpot(TM) 64-Bit Server VM"/>
    <property name="localRepository" value="C:\Users\86176\.m2\repository"/>
    <property name="java.vendor.url.bug" value="https://bugreport.java.com/bugreport/"/>
    <property name="java.io.tmpdir" value="C:\Users\86176\AppData\Local\Temp\"/>
    <property name="java.version" value="17.0.1"/>
    <property name="user.dir" value="C:\Users\86176\OneDrive\桌面\tut4\tut4test"/>
    <property name="os.arch" value="amd64"/>
    <property name="java.vm.specification.name" value="Java Virtual Machine Specification"/>
    <property name="sun.os.patch.level" value=""/>
    <property name="native.encoding" value="GBK"/>
    <property name="java.library.path" value="C:\Program Files (x86)\jdk\bin;C:\WINDOWS\Sun\Java\bin;C:\WINDOWS\system32;C:\WINDOWS;C:\Users\86176\bin;C:\Program Files\Git\mingw64\bin;C:\Program Files\Git\usr\local\bin;C:\Program Files\Git\usr\bin;C:\Program Files\Git\usr\bin;C:\Program Files\Git\mingw64\bin;C:\Program Files\Git\usr\bin;C:\Users\86176\bin;C:\Users\86176\AppData\Local\Programs\Python\Python310;C:\Program Files (x86)\VMware\VMware Workstation\bin;C:\Windows\system32;C:\Windows;C:\Windows\System32\Wbem;C:\Program Files (x86)\jdk\bin;C:\Windows\System32\WindowsPowerShell\v1.0;C:\Windows\System32\OpenSSH;C:\Program Files (x86)\mingw64\bin;C:\Users\86176\AppData\Local\atom\bin;C:\Users\86176\AppData\Local\Programs\Microsoft VS Code\bin;C:\ProgramData\postlude\GitHubDesktop\bin;C:\Users\86176\AppData\Local\GitHubDesktop\bin;C:\Users\86176\AppData\Local\Microsoft\WindowsApps;C:\Users\86176\AppData\Local\Programs\Python\Python310\Scripts;C:\Users\86176\AppData\Local\Programs\ctags;C:\Users\86176\AppData\Local\Programs\iverilog\bin;C:\Users\86176\AppData\Local\Programs\iverilog\gtkwave\bin;C:\WINDOWS\system32;C:\WINDOWS;C:\WINDOWS\System32\Wbem;C:\WINDOWS\System32\WindowsPowerShell\v1.0;C:\WINDOWS\System32\OpenSSH;C:\Program Files\Pandoc;C:\Program Files\Git\cmd;C:\Users\86176\anaconda3;C:\Users\86176\anaconda3\Library\mingw-w64\bin;C:\Users\86176\anaconda3\Library\usr\bin;C:\Users\86176\anaconda3\Library\bin;C:\Users\86176\anaconda3\Scripts;C:\Users\86176\AppData\Local\atom\bin;C:\Users\86176\AppData\Local\Programs\Microsoft VS Code\bin;C:\ProgramData\postlude\GitHubDesktop\bin;C:\Users\86176\AppData\Local\GitHubDesktop\bin;C:\Users\86176\AppData\Local\Programs\Python\Python310;C:\Users\86176\AppData\Local\Microsoft\WindowsApps;C:\Users\86176\AppData\Local\Programs\Python\Python310\Scripts;C:\Users\86176\AppData\Local\Programs\ctags;C:\Users\86176\AppData\Local\Programs\iverilog\bin;C:\Users\86176\AppData\Local\Programs\iverilog\gtkwave\bin;C:\Users\86176\AppData\Local\Microsoft\WindowsApps;C:\Program Files\JetBrains\PyCharm 2021.3.3\bin;C:\Program Files\apache-maven-3.8.6\bin;C:\Program Files\Git\usr\bin\vendor_perl;C:\Program Files\Git\usr\bin\core_perl;."/>
    <property name="java.vm.info" value="mixed mode, sharing"/>
    <property name="java.vendor" value="Oracle Corporation"/>
    <property name="java.vm.version" value="17.0.1+12-LTS-39"/>
    <property name="sun.io.unicode.encoding" value="UnicodeLittle"/>
    <property name="java.class.version" value="61.0"/>
  </properties>
  <testcase name="add" classname="tut4.CalcTest" time="0.007"/>
  <testcase name="substract" classname="tut4.CalcTest" time="0.006">
    <failure message="expected: &lt;3&gt; but was: &lt;1&gt;" type="org.opentest4j.AssertionFailedError"><![CDATA[org.opentest4j.AssertionFailedError: expected: <3> but was: <1>
	at tut4.CalcTest.substract(CalcTest.java:19)
]]></failure>
  </testcase>
</testsuite>